<?xml version="1.0" encoding="UTF-8"?>
<testng-results skipped="0" failed="0" ignored="0" total="1" passed="1">
  <reporter-output>
  </reporter-output>
  <suite name="Suite" duration-ms="5839" started-at="2023-04-16T06:22:45Z" finished-at="2023-04-16T06:22:51Z">
    <groups>
    </groups>
    <test name="Google Test" duration-ms="5827" started-at="2023-04-16T06:22:45Z" finished-at="2023-04-16T06:22:51Z">
      <class name="Googletest.SampleGoogletest">
        <test-method status="PASS" signature="validateBing()[pri:0, instance:Googletest.SampleGoogletest@2038ae61]" name="validateBing" duration-ms="5810" started-at="2023-04-16T11:52:45Z" finished-at="2023-04-16T11:52:51Z">
          <reporter-output>
          </reporter-output>
        </test-method> <!-- validateBing -->
      </class> <!-- Googletest.SampleGoogletest -->
    </test> <!-- Google Test -->
    <test name=" Bing Test" duration-ms="0" started-at="2023-04-16T06:22:51Z" finished-at="2023-04-16T06:22:51Z">
    </test> <!--  Bing Test -->
  </suite> <!-- Suite -->
</testng-results>
